<?xml version="1.0" encoding="UTF-8"?>
<!-- Generated by org.testng.reporters.JUnitReportReporter -->
<testsuite hostname="suriya" failures="0" tests="2" name="QCO_SOJVD_M13.TestCase1" time="0.011" errors="0" timestamp="2023-12-06T15:19:29 IST" skipped="0">
  <testcase classname="QCO_SOJVD_M13.TestCase1" name="test" time="0.003"/>
  <system-out>
Mani Kandan  </system-out>
  <testcase classname="QCO_SOJVD_M13.TestCase1" name="test" time="0.008"/>
  <system-out>
suriya Johnson  </system-out>
</testsuite> <!-- QCO_SOJVD_M13.TestCase1 -->
