<?xml version="1.0" encoding="UTF-8"?>
<!-- Generated by org.testng.reporters.JUnitReportReporter -->
<testsuite hostname="suriya" failures="0" tests="3" name="QCO_SOJVD_M13.IdLocator" time="0.018" errors="0" timestamp="2023-12-06T11:08:59 IST" skipped="0">
  <testcase classname="QCO_SOJVD_M13.IdLocator" name="m2" time="0.012"/>
  <system-out>
m2 testcase pass  </system-out>
  <testcase classname="QCO_SOJVD_M13.IdLocator" name="m1" time="0.002"/>
  <system-out>
testcase pass  </system-out>
  <testcase classname="QCO_SOJVD_M13.IdLocator" name="m1" time="0.004"/>
  <system-out>
testcase pass  </system-out>
</testsuite> <!-- QCO_SOJVD_M13.IdLocator -->
